<?xml version="1.0" encoding="UTF-8" ?>
<testsuites>
 <testsuite name="draft-front-end App" timestamp="2017-11-19T12:16:10" hostname="localhost" time="3.988" errors="0" tests="12" skipped="0" disabled="0" failures="0">
  <testcase classname="draft-front-end App" name="Register a new user" time="1.582" />
  <testcase classname="draft-front-end App" name="Log in as your test user" time="0.297" />
  <testcase classname="draft-front-end App" name="Create a new article and validate the article appears in the feed" time="0.202" />
  <testcase classname="draft-front-end App" name="Edit an article and validate the article text has updated" time="0.191" />
  <testcase classname="draft-front-end App" name="Update the status headline and verify the change" time="0.227" />
  <testcase classname="draft-front-end App" name="Count the number of followed users" time="0.023" />
  <testcase classname="draft-front-end App" name="Add the user &quot;Follower&quot; to the list of followed users and verify the count increases by one" time="0.152" />
  <testcase classname="draft-front-end App" name="Remove the user &quot;Follower&quot; from the list of followed users and verify the count decreases by one" time="0.089" />
  <testcase classname="draft-front-end App" name="Search for Only One Article Like This and verify only one article shows, and verify the author" time="0.137" />
  <testcase classname="draft-front-end App" name="Navigate to the profile view, Update the user&apos;s email and verify" time="0.344" />
  <testcase classname="draft-front-end App" name="Navigate to the profile view, Update the user&apos;s zipcode and verify" time="0.127" />
  <testcase classname="draft-front-end App" name="Navigate to the profile view, Update the user&apos;s password and verify" time="0.614" />
 </testsuite>
</testsuites>